<?xml version="1.0" encoding="UTF-8"?>
<testng-results ignored="0" total="1" passed="1" failed="0" skipped="0">
  <reporter-output>
  </reporter-output>
  <suite started-at="2024-03-19T13:53:39 IST" name="Default suite" finished-at="2024-03-19T13:53:39 IST" duration-ms="152">
    <groups>
    </groups>
    <test started-at="2024-03-19T13:53:39 IST" name="Default test" finished-at="2024-03-19T13:53:39 IST" duration-ms="152">
      <class name="test.test1">
        <test-method signature="demo1()[pri:0, instance:test.test1@1ba9117e]" started-at="2024-03-19T13:53:39 IST" name="demo1" finished-at="2024-03-19T13:53:39 IST" duration-ms="26" status="PASS">
          <reporter-output>
          </reporter-output>
        </test-method> <!-- demo1 -->
      </class> <!-- test.test1 -->
    </test> <!-- Default test -->
  </suite> <!-- Default suite -->
</testng-results>
